# JRE version: Java(TM) SE Runtime Environment (21.0.6+8) (build 21.0.6+8-LTS-188)
# Java VM: Java HotSpot(TM) 64-Bit Server VM (21.0.6+8-LTS-188, mixed mode, sharing, tiered, compressed oops, compressed class ptrs, g1 gc, windows-amd64)
GC Precious Log:
 CardTable entry size: 512
 Card Set container configuration: InlinePtr #cards 4 size 8 Array Of Cards #cards 16 size 48 Howl #buckets 8 coarsen threshold 3686 Howl Bitmap #cards 512 size 80 coarsen threshold 460 Card regions per heap region 1 cards per card region 4096
 CPUs: 12 total, 12 available
 Memory: 15741M
 Large Page Support: Disabled
 NUMA Support: Disabled
 Compressed Oops: Enabled (Zero based)
 Heap Region Size: 2M
 Heap Min Capacity: 8M
 Heap Initial Capacity: 246M
 Heap Max Capacity: 3936M
 Pre-touch: Disabled
 Parallel Workers: 10
 Concurrent Workers: 3
 Concurrent Refinement Workers: 10
 Periodic GC: Disabled
Heap:
 garbage-first heap   total 204800K, used 140214K [0x0000000080000000, 0x0000000176000000)
  region size 2048K, 55 young (112640K), 4 survivors (8192K)
 Metaspace       used 9755K, committed 9984K, reserved 1114112K
  class space    used 825K, committed 960K, reserved 1048576K
GC Heap History (20 events):
Event: 357.027 GC heap before
{Heap before GC invocations=25 (full 5):
 garbage-first heap   total 141312K, used 112394K [0x0000000080000000, 0x0000000176000000)
  region size 2048K, 41 young (83968K), 3 survivors (6144K)
 Metaspace       used 9625K, committed 9856K, reserved 1114112K
  class space    used 822K, committed 960K, reserved 1048576K
}
Event: 357.030 GC heap after
{Heap after GC invocations=26 (full 5):
 garbage-first heap   total 141312K, used 34469K [0x0000000080000000, 0x0000000176000000)
  region size 2048K, 3 young (6144K), 3 survivors (6144K)
 Metaspace       used 9625K, committed 9856K, reserved 1114112K
  class space    used 822K, committed 960K, reserved 1048576K
}
Event: 357.201 GC heap before
{Heap before GC invocations=26 (full 5):
 garbage-first heap   total 141312K, used 112293K [0x0000000080000000, 0x0000000176000000)
  region size 2048K, 41 young (83968K), 3 survivors (6144K)
 Metaspace       used 9634K, committed 9856K, reserved 1114112K
  class space    used 822K, committed 960K, reserved 1048576K
}
Event: 357.204 GC heap after
{Heap after GC invocations=27 (full 5):
 garbage-first heap   total 141312K, used 34262K [0x0000000080000000, 0x0000000176000000)
  region size 2048K, 3 young (6144K), 3 survivors (6144K)
 Metaspace       used 9634K, committed 9856K, reserved 1114112K
  class space    used 822K, committed 960K, reserved 1048576K
}
Event: 357.406 GC heap before
{Heap before GC invocations=27 (full 5):
 garbage-first heap   total 141312K, used 112086K [0x0000000080000000, 0x0000000176000000)
  region size 2048K, 41 young (83968K), 3 survivors (6144K)
 Metaspace       used 9656K, committed 9920K, reserved 1114112K
  class space    used 822K, committed 960K, reserved 1048576K
}
Event: 357.408 GC heap after
{Heap after GC invocations=28 (full 5):
 garbage-first heap   total 141312K, used 33979K [0x0000000080000000, 0x0000000176000000)
  region size 2048K, 3 young (6144K), 3 survivors (6144K)
 Metaspace       used 9656K, committed 9920K, reserved 1114112K
  class space    used 822K, committed 960K, reserved 1048576K
}
Event: 357.565 GC heap before
{Heap before GC invocations=28 (full 5):
 garbage-first heap   total 141312K, used 111803K [0x0000000080000000, 0x0000000176000000)
  region size 2048K, 41 young (83968K), 3 survivors (6144K)
 Metaspace       used 9657K, committed 9920K, reserved 1114112K
  class space    used 822K, committed 960K, reserved 1048576K
}
Event: 357.567 GC heap after
{Heap after GC invocations=29 (full 5):
 garbage-first heap   total 169984K, used 33257K [0x0000000080000000, 0x0000000176000000)
  region size 2048K, 2 young (4096K), 2 survivors (4096K)
 Metaspace       used 9657K, committed 9920K, reserved 1114112K
  class space    used 822K, committed 960K, reserved 1048576K
}
Event: 357.750 GC heap before
{Heap before GC invocations=29 (full 5):
 garbage-first heap   total 169984K, used 129513K [0x0000000080000000, 0x0000000176000000)
  region size 2048K, 49 young (100352K), 2 survivors (4096K)
 Metaspace       used 9661K, committed 9920K, reserved 1114112K
  class space    used 822K, committed 960K, reserved 1048576K
}
Event: 357.752 GC heap after
{Heap after GC invocations=30 (full 5):
 garbage-first heap   total 169984K, used 33317K [0x0000000080000000, 0x0000000176000000)
  region size 2048K, 2 young (4096K), 2 survivors (4096K)
 Metaspace       used 9661K, committed 9920K, reserved 1114112K
  class space    used 822K, committed 960K, reserved 1048576K
}
Event: 357.922 GC heap before
{Heap before GC invocations=30 (full 5):
 garbage-first heap   total 169984K, used 129573K [0x0000000080000000, 0x0000000176000000)
  region size 2048K, 49 young (100352K), 2 survivors (4096K)
 Metaspace       used 9683K, committed 9920K, reserved 1114112K
  class space    used 822K, committed 960K, reserved 1048576K
}
Event: 357.926 GC heap after
{Heap after GC invocations=31 (full 5):
 garbage-first heap   total 169984K, used 35766K [0x0000000080000000, 0x0000000176000000)
  region size 2048K, 3 young (6144K), 3 survivors (6144K)
 Metaspace       used 9683K, committed 9920K, reserved 1114112K
  class space    used 822K, committed 960K, reserved 1048576K
}
Event: 358.105 GC heap before
{Heap before GC invocations=31 (full 5):
 garbage-first heap   total 169984K, used 129974K [0x0000000080000000, 0x0000000176000000)
  region size 2048K, 49 young (100352K), 3 survivors (6144K)
 Metaspace       used 9691K, committed 9984K, reserved 1114112K
  class space    used 822K, committed 960K, reserved 1048576K
}
Event: 358.108 GC heap after
{Heap after GC invocations=32 (full 5):
 garbage-first heap   total 169984K, used 34514K [0x0000000080000000, 0x0000000176000000)
  region size 2048K, 3 young (6144K), 3 survivors (6144K)
 Metaspace       used 9691K, committed 9984K, reserved 1114112K
  class space    used 822K, committed 960K, reserved 1048576K
}
Event: 358.278 GC heap before
{Heap before GC invocations=32 (full 5):
 garbage-first heap   total 169984K, used 128722K [0x0000000080000000, 0x0000000176000000)
  region size 2048K, 49 young (100352K), 3 survivors (6144K)
 Metaspace       used 9691K, committed 9984K, reserved 1114112K
  class space    used 822K, committed 960K, reserved 1048576K
}
Event: 358.281 GC heap after
{Heap after GC invocations=33 (full 5):
 garbage-first heap   total 204800K, used 35766K [0x0000000080000000, 0x0000000176000000)
  region size 2048K, 3 young (6144K), 3 survivors (6144K)
 Metaspace       used 9691K, committed 9984K, reserved 1114112K
  class space    used 822K, committed 960K, reserved 1048576K
}
Event: 358.486 GC heap before
{Heap before GC invocations=33 (full 5):
 garbage-first heap   total 204800K, used 152502K [0x0000000080000000, 0x0000000176000000)
  region size 2048K, 60 young (122880K), 3 survivors (6144K)
 Metaspace       used 9715K, committed 9984K, reserved 1114112K
  class space    used 822K, committed 960K, reserved 1048576K
}
Event: 358.489 GC heap after
{Heap after GC invocations=34 (full 5):
 garbage-first heap   total 204800K, used 35752K [0x0000000080000000, 0x0000000176000000)
  region size 2048K, 3 young (6144K), 3 survivors (6144K)
 Metaspace       used 9715K, committed 9984K, reserved 1114112K
  class space    used 822K, committed 960K, reserved 1048576K
}
Event: 358.691 GC heap before
{Heap before GC invocations=34 (full 5):
 garbage-first heap   total 204800K, used 152488K [0x0000000080000000, 0x0000000176000000)
  region size 2048K, 60 young (122880K), 3 survivors (6144K)
 Metaspace       used 9723K, committed 9984K, reserved 1114112K
  class space    used 822K, committed 960K, reserved 1048576K
}
Event: 358.696 GC heap after
{Heap after GC invocations=35 (full 5):
 garbage-first heap   total 204800K, used 37814K [0x0000000080000000, 0x0000000176000000)
  region size 2048K, 4 young (8192K), 4 survivors (8192K)
 Metaspace       used 9723K, committed 9984K, reserved 1114112K
  class space    used 822K, committed 960K, reserved 1048576K
}

